-------------------------------------------------------------------------------
Test set: machineFeaturesTest.AcceptCoinsTest
-------------------------------------------------------------------------------
Tests run: 2, Failures: 1, Errors: 0, Skipped: 0, Time elapsed: 0.053 s <<< FAILURE! - in machineFeaturesTest.AcceptCoinsTest
testInsert5NickelsShouldReturn5(machineFeaturesTest.AcceptCoinsTest)  Time elapsed: 0.006 s  <<< FAILURE!
java.lang.AssertionError: expected:<5> but was:<1>
	at machineFeaturesTest.AcceptCoinsTest.testInsert5NickelsShouldReturn5(AcceptCoinsTest.java:34)

