<?xml version="1.0" encoding="UTF-8"?>
<testsuite xmlns:xsi="http://www.w3.org/2001/XMLSchema-instance" xsi:noNamespaceSchemaLocation="https://maven.apache.org/surefire/maven-surefire-plugin/xsd/surefire-test-report.xsd" name="machineFeaturesTest.AcceptCoinsTest" time="0.053" tests="2" errors="0" skipped="0" failures="1">
  <properties>
[...]
</properties>
  <testcase name="testInsertSingleNicketShouldShowSingleNickelInMachine" classname="machineFeaturesTest.AcceptCoinsTest" time="0.002"/>
  <testcase name="testInsert5NickelsShouldReturn5" classname="machineFeaturesTest.AcceptCoinsTest" time="0.006">
    <failure message="expected:&lt;5&gt; but was:&lt;1&gt;" type="java.lang.AssertionError"><![CDATA[java.lang.AssertionError: expected:<5> but was:<1>
	at machineFeaturesTest.AcceptCoinsTest.testInsert5NickelsShouldReturn5(AcceptCoinsTest.java:34)
]]></failure>
  </testcase>
</testsuite>